
Showing logs for build [32mcb-kubecd-environment-pr-201-30-lm4nw-1[0m stage [32mfrom-build-pack[0m and container [32mstep-credential-initializer-vm89d[0m
{"level":"warn","ts":1586998091.3153954,"logger":"fallback-logger","caller":"logging/config.go:69","msg":"Fetch GitHub commit ID from kodata failed: \"ref: refs/heads/0.8.0-**-support-backwards-incompats\" is not a valid GitHub commit ID"}
{"level":"info","ts":1586998091.3160357,"logger":"fallback-logger","caller":"creds-init/main.go:40","msg":"Credentials initialized."}

Showing logs for build [32mcb-kubecd-environment-pr-201-30-lm4nw-1[0m stage [32mfrom-build-pack[0m and container [32mstep-working-dir-initializer-qp2xr[0m
{"level":"warn","ts":1586998092.3741484,"logger":"fallback-logger","caller":"logging/config.go:69","msg":"Fetch GitHub commit ID from kodata failed: open /var/run/ko/HEAD: no such file or directory"}
{"level":"info","ts":1586998092.3783715,"logger":"fallback-logger","caller":"bash/main.go:64","msg":"Successfully executed command \"sh -c mkdir -p /workspace/source\"; output "}

Showing logs for build [32mcb-kubecd-environment-pr-201-30-lm4nw-1[0m stage [32mfrom-build-pack[0m and container [32mstep-place-tools[0m

Showing logs for build [32mcb-kubecd-environment-pr-201-30-lm4nw-1[0m stage [32mfrom-build-pack[0m and container [32mstep-git-source-cb-kubecd-environment-pr-201-30-lm4nw-x5jsf[0m
{"level":"warn","ts":1586998098.7976305,"logger":"fallback-logger","caller":"logging/config.go:69","msg":"Fetch GitHub commit ID from kodata failed: \"ref: refs/heads/0.8.0-**-support-backwards-incompats\" is not a valid GitHub commit ID"}
{"level":"info","ts":1586998099.9715946,"logger":"fallback-logger","caller":"git/git.go:103","msg":"Successfully cloned https://github.com/cb-kubecd/environment-pr-201-30-boot-gke-staging.git @ master in path /workspace/source"}

Showing logs for build [32mcb-kubecd-environment-pr-201-30-lm4nw-1[0m stage [32mfrom-build-pack[0m and container [32mstep-git-merge[0m
Using SHAs from PULL_REFS=master:c886f9dd7048ad40f8e72ef0817ebad6906f4e10,2:0182e83ca54d73a4809f6d4dc6dc4555c414cffc
DEBUG: LC_ALL=C JX_LOG_LEVEL=error git fetch origin --unshallow 0182e83ca54d73a4809f6d4dc6dc4555c414cffc: c886f9dd7048ad40f8e72ef0817ebad6906f4e10:
DEBUG: ran git fetch --unshallow origin 0182e83ca54d73a4809f6d4dc6dc4555c414cffc: c886f9dd7048ad40f8e72ef0817ebad6906f4e10: in 
DEBUG: LC_ALL=C JX_LOG_LEVEL=error git branch
DEBUG: LC_ALL=C JX_LOG_LEVEL=error git checkout master
DEBUG: ran git checkout master in 
DEBUG: JX_LOG_LEVEL=error LC_ALL=C git reset --hard c886f9dd7048ad40f8e72ef0817ebad6906f4e10
DEBUG: ran git reset --hard c886f9dd7048ad40f8e72ef0817ebad6906f4e10 in 
DEBUG: LC_ALL=C JX_LOG_LEVEL=error git clean -fd .
DEBUG: ran clean --force -d . in 
DEBUG: LC_ALL=C JX_LOG_LEVEL=error git merge 0182e83ca54d73a4809f6d4dc6dc4555c414cffc
DEBUG: ran git merge 0182e83ca54d73a4809f6d4dc6dc4555c414cffc in 
DEBUG: LC_ALL=C JX_LOG_LEVEL=error git log --format=%H%x1f%an%x1f%ae%x1f%cn%x1f%ce%x1f%s%n%b%x1e c886f9dd7048ad40f8e72ef0817ebad6906f4e10..HEAD
Merged SHA 0182e83ca54d73a4809f6d4dc6dc4555c414cffc with commit message 'chore: Promote bdd-sbhg-1586997820 to version 0.0.1' into base branch master

Showing logs for build [32mcb-kubecd-environment-pr-201-30-lm4nw-1[0m stage [32mfrom-build-pack[0m and container [32mstep-build-helm-build[0m
WARNING: No $CHART_REPOSITORY defined so using the default value of: http://jenkins-x-chartmuseum:8080
Adding missing Helm repo: storage.googleapis.com https://storage.googleapis.com/chartmuseum.jenkins-x.io
WARNING: No secrets found on "helm/repos" due: reading the secret "helm/repos" from vault: no secret "helm/repos" not found in vault
Read credentials for https://storage.googleapis.com/chartmuseum.jenkins-x.io from vault helm/repos
Successfully added Helm repository storage.googleapis.com.
Adding missing Helm repo: jenkins-x-chartmuseum http://jenkins-x-chartmuseum:8080
WARNING: No secrets found on "helm/repos" due: reading the secret "helm/repos" from vault: no secret "helm/repos" not found in vault
Read credentials for http://jenkins-x-chartmuseum:8080 from vault helm/repos
Successfully added Helm repository jenkins-x-chartmuseum.
WARNING: No $CHART_REPOSITORY defined so using the default value of: http://jenkins-x-chartmuseum:8080
Adding missing Helm repo: chartmuseum.jenkins-x.io http://chartmuseum.jenkins-x.io
WARNING: No secrets found on "helm/repos" due: reading the secret "helm/repos" from vault: no secret "helm/repos" not found in vault
Read credentials for http://chartmuseum.jenkins-x.io from vault helm/repos
Successfully added Helm repository chartmuseum.jenkins-x.io.
